c:\users\alexk\onedrive\documents\github\arts4160-project-blog\onesound\builds\visualstudio2022\x64\debug\shared code\include_juce_data_structures.obj
c:\users\alexk\onedrive\documents\github\arts4160-project-blog\onesound\builds\visualstudio2022\x64\debug\shared code\include_juce_audio_formats.obj
c:\users\alexk\onedrive\documents\github\arts4160-project-blog\onesound\builds\visualstudio2022\x64\debug\shared code\include_juce_audio_devices.obj
c:\users\alexk\onedrive\documents\github\arts4160-project-blog\onesound\builds\visualstudio2022\x64\debug\shared code\include_juce_events.obj
c:\users\alexk\onedrive\documents\github\arts4160-project-blog\onesound\builds\visualstudio2022\x64\debug\shared code\include_juce_core_compilationtime.obj
c:\users\alexk\onedrive\documents\github\arts4160-project-blog\onesound\builds\visualstudio2022\x64\debug\shared code\pluginprocessor.obj
c:\users\alexk\onedrive\documents\github\arts4160-project-blog\onesound\builds\visualstudio2022\x64\debug\shared code\include_juce_graphics_harfbuzz.obj
c:\users\alexk\onedrive\documents\github\arts4160-project-blog\onesound\builds\visualstudio2022\x64\debug\shared code\include_juce_audio_basics.obj
c:\users\alexk\onedrive\documents\github\arts4160-project-blog\onesound\builds\visualstudio2022\x64\debug\shared code\include_juce_audio_utils.obj
c:\users\alexk\onedrive\documents\github\arts4160-project-blog\onesound\builds\visualstudio2022\x64\debug\shared code\include_juce_gui_extra.obj
c:\users\alexk\onedrive\documents\github\arts4160-project-blog\onesound\builds\visualstudio2022\x64\debug\shared code\include_juce_audio_processors_ara.obj
c:\users\alexk\onedrive\documents\github\arts4160-project-blog\onesound\builds\visualstudio2022\x64\debug\shared code\plugineditor.obj
c:\users\alexk\onedrive\documents\github\arts4160-project-blog\onesound\builds\visualstudio2022\x64\debug\shared code\include_juce_audio_plugin_client_ara.obj
c:\users\alexk\onedrive\documents\github\arts4160-project-blog\onesound\builds\visualstudio2022\x64\debug\shared code\include_juce_audio_processors_lv2_libs.obj
c:\users\alexk\onedrive\documents\github\arts4160-project-blog\onesound\builds\visualstudio2022\x64\debug\shared code\onesound.pdb
c:\users\alexk\onedrive\documents\github\arts4160-project-blog\onesound\builds\visualstudio2022\x64\debug\shared code\include_juce_gui_basics.obj
c:\users\alexk\onedrive\documents\github\arts4160-project-blog\onesound\builds\visualstudio2022\x64\debug\shared code\include_juce_audio_processors.obj
c:\users\alexk\onedrive\documents\github\arts4160-project-blog\onesound\builds\visualstudio2022\x64\debug\shared code\include_juce_core.obj
c:\users\alexk\onedrive\documents\github\arts4160-project-blog\onesound\builds\visualstudio2022\x64\debug\shared code\include_juce_graphics.obj
c:\users\alexk\onedrive\documents\github\arts4160-project-blog\onesound\builds\visualstudio2022\x64\debug\shared code\include_juce_graphics_sheenbidi.obj
c:\users\alexk\onedrive\documents\github\arts4160-project-blog\onesound\builds\visualstudio2022\x64\debug\shared code\onesound.lib
c:\users\alexk\onedrive\documents\github\arts4160-project-blog\onesound\builds\visualstudio2022\x64\debug\shared code\onesound.09df9f73.tlog\cl.command.1.tlog
c:\users\alexk\onedrive\documents\github\arts4160-project-blog\onesound\builds\visualstudio2022\x64\debug\shared code\onesound.09df9f73.tlog\cl.items.tlog
c:\users\alexk\onedrive\documents\github\arts4160-project-blog\onesound\builds\visualstudio2022\x64\debug\shared code\onesound.09df9f73.tlog\cl.read.1.tlog
c:\users\alexk\onedrive\documents\github\arts4160-project-blog\onesound\builds\visualstudio2022\x64\debug\shared code\onesound.09df9f73.tlog\cl.write.1.tlog
c:\users\alexk\onedrive\documents\github\arts4160-project-blog\onesound\builds\visualstudio2022\x64\debug\shared code\onesound.09df9f73.tlog\lib-link.read.1.tlog
c:\users\alexk\onedrive\documents\github\arts4160-project-blog\onesound\builds\visualstudio2022\x64\debug\shared code\onesound.09df9f73.tlog\lib-link.write.1.tlog
c:\users\alexk\onedrive\documents\github\arts4160-project-blog\onesound\builds\visualstudio2022\x64\debug\shared code\onesound.09df9f73.tlog\lib.command.1.tlog
